error[E0001]: expected identifier
  --> strict_keyword.vit:31:35
  --> bool
error[E0002]: expected expression
  --> strict_keyword.vit:49:53
  --> bool
